This is pdfTeX, Version 3.14159265-2.6-1.40.20 (TeX Live 2019) (preloaded format=pdflatex 2020.2.20)  24 MAY 2020 12:21
entering extended mode
 restricted \write18 enabled.
 %&-line parsing enabled.
**practica3.tex
(./practica3.tex
LaTeX2e <2019-10-01>
(./uc3mpracticas.cls
(/usr/local/texlive/2019basic/texmf-dist/tex/latex/base/article.cls
Document Class: article 2019/08/27 v1.4j Standard LaTeX document class
(/usr/local/texlive/2019basic/texmf-dist/tex/latex/base/size10.clo
File: size10.clo 2019/08/27 v1.4j Standard LaTeX file (size option)
)
\c@part=\count80
\c@section=\count81
\c@subsection=\count82
\c@subsubsection=\count83
\c@paragraph=\count84
\c@subparagraph=\count85
\c@figure=\count86
\c@table=\count87
\abovecaptionskip=\skip41
\belowcaptionskip=\skip42
\bibindent=\dimen102
)
Document Class: uc3mpracticas 2020/03/05 Clase personalizada de Alejandro Valve
rde para prácticas de la UC3M
(/usr/local/texlive/2019basic/texmf-dist/tex/latex/fancyhdr/fancyhdr.sty
Package: fancyhdr 2019/01/31 v3.10 Extensive control of page headers and footer
s
\f@nch@headwidth=\skip43
\f@nch@O@elh=\skip44
\f@nch@O@erh=\skip45
\f@nch@O@olh=\skip46
\f@nch@O@orh=\skip47
\f@nch@O@elf=\skip48
\f@nch@O@erf=\skip49
\f@nch@O@olf=\skip50
\f@nch@O@orf=\skip51
)
(/usr/local/texlive/2019basic/texmf-dist/tex/generic/babel/babel.sty
Package: babel 2019/09/27 3.34 The Babel package

(/usr/local/texlive/2019basic/texmf-dist/tex/generic/babel/switch.def
File: switch.def 2019/09/27 3.34 Babel switching mechanism
)
(/usr/local/texlive/2019basic/texmf-dist/tex/generic/babel-spanish/spanish.ldf
Language: spanish.ldf 2016/03/03 v5.0p Spanish support from the babel system

(/usr/local/texlive/2019basic/texmf-dist/tex/generic/babel/babel.def
File: babel.def 2019/09/27 3.34 Babel common definitions
\babel@savecnt=\count88
\U@D=\dimen103

(/usr/local/texlive/2019basic/texmf-dist/tex/generic/babel/txtbabel.def)
\bbl@dirlevel=\count89
)
\es@quottoks=\toks14
\es@quotdepth=\count90
))
(/usr/local/texlive/2019basic/texmf-dist/tex/latex/geometry/geometry.sty
Package: geometry 2018/04/16 v5.8 Page Geometry

(/usr/local/texlive/2019basic/texmf-dist/tex/latex/graphics/keyval.sty
Package: keyval 2014/10/28 v1.15 key=value parser (DPC)
\KV@toks@=\toks15
)
(/usr/local/texlive/2019basic/texmf-dist/tex/generic/oberdiek/ifpdf.sty
Package: ifpdf 2018/09/07 v3.3 Provides the ifpdf switch
)
(/usr/local/texlive/2019basic/texmf-dist/tex/generic/oberdiek/ifvtex.sty
Package: ifvtex 2016/05/16 v1.6 Detect VTeX and its facilities (HO)
Package ifvtex Info: VTeX not detected.
)
(/usr/local/texlive/2019basic/texmf-dist/tex/generic/ifxetex/ifxetex.sty
Package: ifxetex 2010/09/12 v0.6 Provides ifxetex conditional
)
\Gm@cnth=\count91
\Gm@cntv=\count92
\c@Gm@tempcnt=\count93
\Gm@bindingoffset=\dimen104
\Gm@wd@mp=\dimen105
\Gm@odd@mp=\dimen106
\Gm@even@mp=\dimen107
\Gm@layoutwidth=\dimen108
\Gm@layoutheight=\dimen109
\Gm@layouthoffset=\dimen110
\Gm@layoutvoffset=\dimen111
\Gm@dimlist=\toks16
)

! LaTeX Error: File `lastpage.sty' not found.

Type X to quit or <RETURN> to proceed,
or enter new name. (Default extension: sty)

Enter file name:
! Emergency stop.
<read *>

l.22 \RequirePackage
                    [utf8]{inputenc}^^M
End of file on the terminal!

\AtBegShi@Output ...ipout \box \AtBeginShipoutBox
                                                  \fi \fi
l.108
       <./Images/main_page.png>]
<Images/profile_page.png, id=103, 1912.14375pt x 799.98875pt>
File: Images/profile_page.png Graphic file (type png)
<use Images/profile_page.png>
Package pdftex.def Info: Images/profile_page.png  used on input line 112.
(pdftex.def)             Requested size: 455.24408pt x 190.45096pt.
LaTeX Font Info:    Font shape `T1/phv/m/n' will be
(Font)              scaled to size 11.39996pt on input line 132.
 [4pdfTeX warning (ext4): destination with the same identifier (name{figure.2})
 has been already used, duplicate ignored

\AtBegShi@Output ...ipout \box \AtBeginShipoutBox
                                                  \fi \fi
l.139
      pdfTeX warning (ext4): destination with the same identifier (name{figure.
3}) has been already used, duplicate ignored

\AtBegShi@Output ...ipout \box \AtBeginShipoutBox
                                                  \fi \fi
l.139
       <./Images/services_page.png> <./Images/profile_page.png>]
LaTeX Font Info:    Font shape `T1/phv/b/it' in size <10> not available
(Font)              Font shape `T1/phv/b/sl' tried instead on input line 204.
LaTeX Font Info:    Font shape `T1/phv/b/sl' will be
(Font)              scaled to size 9.49997pt on input line 204.
 [5]
Overfull \hbox (2.9688pt too wide) in paragraph at lines 221--222
 |
 []


Overfull \hbox (2.9688pt too wide) in paragraph at lines 227--228
 |
 []


Overfull \hbox (2.9688pt too wide) in paragraph at lines 235--236
 |
 []


Overfull \hbox (2.9688pt too wide) in paragraph at lines 241--242
 |
 []

[6] [7]
<Images/data3.jpg, id=147, 486.81876pt x 294.09875pt>
File: Images/data3.jpg Graphic file (type jpg)
<use Images/data3.jpg>
Package pdftex.def Info: Images/data3.jpg  used on input line 342.
(pdftex.def)             Requested size: 455.24408pt x 275.0258pt.
<Images/data2.jpg, id=148, 481.8pt x 289.08pt>
File: Images/data2.jpg Graphic file (type jpg)
<use Images/data2.jpg>
Package pdftex.def Info: Images/data2.jpg  used on input line 348.
(pdftex.def)             Requested size: 455.24408pt x 273.15556pt.
 [8 <./Images/data3.jpg>]
<Images/data1.jpg, id=156, 483.8075pt x 289.08pt>
File: Images/data1.jpg Graphic file (type jpg)
<use Images/data1.jpg>
Package pdftex.def Info: Images/data1.jpg  used on input line 352.
(pdftex.def)             Requested size: 455.24408pt x 272.02635pt.
 [9 <./Images/data2.jpg> <./Images/data1.jpg>]
[10] [11]
AED: lastpage setting LastPage
[12]
Package atveryend Info: Empty hook `BeforeClearDocument' on input line 446.
Package atveryend Info: Empty hook `AfterLastShipout' on input line 446.
 (./practica3.aux
LaTeX Info: Redefining \. on input line 20.
LaTeX Info: Redefining \% on input line 20.
)
Package atveryend Info: Executing hook `AtVeryEndDocument' on input line 446.
Package atveryend Info: Executing hook `AtEndAfterFileList' on input line 446.
Package rerunfilecheck Info: File `practica3.out' has not changed.
(rerunfilecheck)             Checksum: 78404F464A00AA8DB2EC3712F3A1FBC3;883.
 )
Here is how much of TeX's memory you used:
 7688 strings out of 481239
 114403 string characters out of 5920377
 401746 words of memory out of 5000000
 22735 multiletter control sequences out of 15000+600000
 563342 words of font info for 47 fonts, out of 8000000 for 9000
 1141 hyphenation exceptions out of 8191
 42i,11n,49p,888b,416s stack positions out of 5000i,500n,10000p,200000b,80000s
{/usr/share/texlive/texmf-dist/fonts/enc/dvips/base/8r.enc}{/usr/share/texmf/
fonts/enc/dvips/cm-super/cm-super-t1.enc}</usr/share/texmf/fonts/type1/public/c
m-super/sftt1000.pfb></usr/share/texlive/texmf-dist/fonts/type1/urw/helvetic/uh
vb8a.pfb></usr/share/texlive/texmf-dist/fonts/type1/urw/helvetic/uhvbo8a.pfb></
usr/share/texlive/texmf-dist/fonts/type1/urw/helvetic/uhvr8a.pfb></usr/share/te
xlive/texmf-dist/fonts/type1/urw/helvetic/uhvro8a.pfb>
Output written on practica3.pdf (12 pages, 555885 bytes).
PDF statistics:
 218 PDF objects out of 1000 (max. 8388607)
 186 compressed objects within 2 object streams
 58 named destinations out of 1000 (max. 500000)
 140 words of extra memory for PDF output out of 10000 (max. 10000000)
